<?xml version="1.0" encoding="UTF-8"?>
<testsuite xmlns:xsi="http://www.w3.org/2001/XMLSchema-instance" xsi:noNamespaceSchemaLocation="https://maven.apache.org/surefire/maven-surefire-plugin/xsd/surefire-test-report.xsd" name="com.cyx.AppTest" time="0.033" tests="1" errors="0" skipped="0" failures="0">
  <properties>
    <property name="java.specification.version" value="20"/>
    <property name="sun.cpu.isalist" value="amd64"/>
    <property name="sun.jnu.encoding" value="Cp1252"/>
    <property name="java.class.path" value="C:\Users\cyxkr\Documents\Programming\Java\collectionsapi\target\test-classes;C:\Users\cyxkr\Documents\Programming\Java\collectionsapi\target\classes;C:\Users\cyxkr\.m2\repository\junit\junit\4.11\junit-4.11.jar;C:\Users\cyxkr\.m2\repository\org\hamcrest\hamcrest-core\1.3\hamcrest-core-1.3.jar;C:\Users\cyxkr\.m2\repository\commons-io\commons-io\2.13.0\commons-io-2.13.0.jar;C:\Users\cyxkr\.m2\repository\com\formdev\flatlaf\3.2.1\flatlaf-3.2.1.jar;C:\Users\cyxkr\.m2\repository\com\formdev\flatlaf-extras\3.2.1\flatlaf-extras-3.2.1.jar;C:\Users\cyxkr\.m2\repository\com\github\weisj\jsvg\1.1.0\jsvg-1.1.0.jar;C:\Users\cyxkr\.m2\repository\com\formdev\flatlaf-fonts-inter\3.19\flatlaf-fonts-inter-3.19.jar;C:\Users\cyxkr\.m2\repository\com\formdev\flatlaf-fonts-roboto\2.137\flatlaf-fonts-roboto-2.137.jar;C:\Users\cyxkr\.m2\repository\com\formdev\flatlaf-fonts-roboto-mono\3.000\flatlaf-fonts-roboto-mono-3.000.jar;C:\Users\cyxkr\.m2\repository\com\formdev\flatlaf-intellij-themes\3.2.1\flatlaf-intellij-themes-3.2.1.jar;C:\Users\cyxkr\.m2\repository\com\miglayout\miglayout-swing\11.1\miglayout-swing-11.1.jar;C:\Users\cyxkr\.m2\repository\com\miglayout\miglayout-core\11.1\miglayout-core-11.1.jar;C:\Users\cyxkr\.m2\repository\com\mysql\mysql-connector-j\8.1.0\mysql-connector-j-8.1.0.jar;C:\Users\cyxkr\.m2\repository\com\google\protobuf\protobuf-java\3.21.9\protobuf-java-3.21.9.jar;C:\Users\cyxkr\.m2\repository\raven\raven.toast.Notifications\1.0.1\raven.toast.Notifications-1.0.1.jar;C:\Users\cyxkr\.m2\repository\raven\raven.crazy.panel\1.0.0\raven.crazy.panel-1.0.0.jar;"/>
    <property name="java.vm.vendor" value="Oracle Corporation"/>
    <property name="sun.arch.data.model" value="64"/>
    <property name="user.variant" value=""/>
    <property name="java.vendor.url" value="https://java.oracle.com/"/>
    <property name="user.timezone" value="Africa/Lagos"/>
    <property name="os.name" value="Windows 11"/>
    <property name="java.vm.specification.version" value="20"/>
    <property name="user.country" value="US"/>
    <property name="sun.java.launcher" value="SUN_STANDARD"/>
    <property name="sun.boot.library.path" value="C:\Program Files\Java\jdk-20\bin"/>
    <property name="sun.java.command" value="C:\Users\cyxkr\AppData\Local\Temp\surefire17911833921822438132\surefirebooter17730213870997266441.jar C:\Users\cyxkr\AppData\Local\Temp\surefire17911833921822438132 2023-10-09T18-51-14_121-jvmRun1 surefire10207597063372616144tmp surefire_017498544028073560007tmp"/>
    <property name="jdk.debug" value="release"/>
    <property name="surefire.test.class.path" value="C:\Users\cyxkr\Documents\Programming\Java\collectionsapi\target\test-classes;C:\Users\cyxkr\Documents\Programming\Java\collectionsapi\target\classes;C:\Users\cyxkr\.m2\repository\junit\junit\4.11\junit-4.11.jar;C:\Users\cyxkr\.m2\repository\org\hamcrest\hamcrest-core\1.3\hamcrest-core-1.3.jar;C:\Users\cyxkr\.m2\repository\commons-io\commons-io\2.13.0\commons-io-2.13.0.jar;C:\Users\cyxkr\.m2\repository\com\formdev\flatlaf\3.2.1\flatlaf-3.2.1.jar;C:\Users\cyxkr\.m2\repository\com\formdev\flatlaf-extras\3.2.1\flatlaf-extras-3.2.1.jar;C:\Users\cyxkr\.m2\repository\com\github\weisj\jsvg\1.1.0\jsvg-1.1.0.jar;C:\Users\cyxkr\.m2\repository\com\formdev\flatlaf-fonts-inter\3.19\flatlaf-fonts-inter-3.19.jar;C:\Users\cyxkr\.m2\repository\com\formdev\flatlaf-fonts-roboto\2.137\flatlaf-fonts-roboto-2.137.jar;C:\Users\cyxkr\.m2\repository\com\formdev\flatlaf-fonts-roboto-mono\3.000\flatlaf-fonts-roboto-mono-3.000.jar;C:\Users\cyxkr\.m2\repository\com\formdev\flatlaf-intellij-themes\3.2.1\flatlaf-intellij-themes-3.2.1.jar;C:\Users\cyxkr\.m2\repository\com\miglayout\miglayout-swing\11.1\miglayout-swing-11.1.jar;C:\Users\cyxkr\.m2\repository\com\miglayout\miglayout-core\11.1\miglayout-core-11.1.jar;C:\Users\cyxkr\.m2\repository\com\mysql\mysql-connector-j\8.1.0\mysql-connector-j-8.1.0.jar;C:\Users\cyxkr\.m2\repository\com\google\protobuf\protobuf-java\3.21.9\protobuf-java-3.21.9.jar;C:\Users\cyxkr\.m2\repository\raven\raven.toast.Notifications\1.0.1\raven.toast.Notifications-1.0.1.jar;C:\Users\cyxkr\.m2\repository\raven\raven.crazy.panel\1.0.0\raven.crazy.panel-1.0.0.jar;"/>
    <property name="sun.cpu.endian" value="little"/>
    <property name="user.home" value="C:\Users\cyxkr"/>
    <property name="user.language" value="en"/>
    <property name="java.specification.vendor" value="Oracle Corporation"/>
    <property name="java.version.date" value="2023-04-18"/>
    <property name="java.home" value="C:\Program Files\Java\jdk-20"/>
    <property name="file.separator" value="\"/>
    <property name="basedir" value="C:\Users\cyxkr\Documents\Programming\Java\collectionsapi"/>
    <property name="java.vm.compressedOopsMode" value="Zero based"/>
    <property name="line.separator" value="&#10;"/>
    <property name="java.vm.specification.vendor" value="Oracle Corporation"/>
    <property name="java.specification.name" value="Java Platform API Specification"/>
    <property name="surefire.real.class.path" value="C:\Users\cyxkr\AppData\Local\Temp\surefire17911833921822438132\surefirebooter17730213870997266441.jar"/>
    <property name="user.script" value=""/>
    <property name="sun.management.compiler" value="HotSpot 64-Bit Tiered Compilers"/>
    <property name="java.runtime.version" value="20.0.1+9-29"/>
    <property name="user.name" value="cyxkr"/>
    <property name="stdout.encoding" value="Cp1252"/>
    <property name="path.separator" value=";"/>
    <property name="os.version" value="10.0"/>
    <property name="java.runtime.name" value="Java(TM) SE Runtime Environment"/>
    <property name="file.encoding" value="UTF-8"/>
    <property name="java.vm.name" value="Java HotSpot(TM) 64-Bit Server VM"/>
    <property name="maven.ext.class.path" value="C:\Program Files\NetBeans-18\netbeans\java\maven-nblib\netbeans-eventspy.jar"/>
    <property name="localRepository" value="C:\Users\cyxkr\.m2\repository"/>
    <property name="java.vendor.url.bug" value="https://bugreport.java.com/bugreport/"/>
    <property name="java.io.tmpdir" value="C:\Users\cyxkr\AppData\Local\Temp\"/>
    <property name="java.version" value="20.0.1"/>
    <property name="user.dir" value="C:\Users\cyxkr\Documents\Programming\Java\collectionsapi"/>
    <property name="os.arch" value="amd64"/>
    <property name="java.vm.specification.name" value="Java Virtual Machine Specification"/>
    <property name="sun.os.patch.level" value=""/>
    <property name="native.encoding" value="Cp1252"/>
    <property name="java.library.path" value="C:\Program Files\Java\jdk-20\bin;C:\WINDOWS\Sun\Java\bin;C:\WINDOWS\system32;C:\WINDOWS;C:\Program Files\Java\jdk-20\bin;C:\Program Files\Java\jdk-20\bin;C:\Program Files\Common Files\Oracle\Java\javapath;C:\Program Files\Zulu\zulu-19\bin\;C:\ProgramData\Oracle\Java\javapath;C:\Program Files (x86)\Common Files\Oracle\Java\javapath;C:\Python311\Scripts\;C:\Python311\;C:\Program Files (x86)\NVIDIA Corporation\PhysX\Common;C:\WINDOWS\system32;C:\WINDOWS;C:\WINDOWS\System32\Wbem;C:\WINDOWS\System32\WindowsPowerShell\v1.0\;C:\WINDOWS\System32\OpenSSH\;C:\Program Files\dotnet\;C:\ProgramData\chocolatey\bin;C:\Program Files\Git\cmd;C:\Program Files (x86)\Microsoft SQL Server\160\Tools\Binn\;C:\Program Files\Microsoft SQL Server\160\Tools\Binn\;C:\Program Files\Microsoft SQL Server\Client SDK\ODBC\170\Tools\Binn\;C:\Program Files\Microsoft SQL Server\160\DTS\Binn\;C:\Program Files (x86)\Microsoft SQL Server\160\DTS\Binn\;C:\Program Files\Azure Data Studio\bin;C:\Program Files\nodejs\;C:\Program Files\Pandoc\;C:\apache-maven-3.9.3\bin;C:\msys64\mingw64\bin;C:\Program Files\Git\mingw64\libexec\git-core;C:\Users\cyxkr\.console-ninja\.bin;C:\Program Files\MySQL\MySQL Shell 8.0\bin\;C:\Users\cyxkr\AppData\Local\Microsoft\WindowsApps;C:\Users\cyxkr\AppData\Local\Programs\Microsoft VS Code\bin;C:\Users\cyxkr\AppData\Local\GitHubDesktop\bin;C:\Users\cyxkr\AppData\Roaming\npm;C:\Users\cyxkr\AppData\Local\Programs\oh-my-posh\bin;C:\Program Files\Java\jdk-17\bin;C:\Users\cyxkr\AppData\Local\Markdown Monster;C:\Program Files\JetBrains\IntelliJ IDEA Community Edition 2023.1.4\bin;C:\Users\cyxkr\AppData\Local\Programs\Hyper\resources\bin;."/>
    <property name="java.vm.info" value="mixed mode, sharing"/>
    <property name="stderr.encoding" value="Cp1252"/>
    <property name="java.vendor" value="Oracle Corporation"/>
    <property name="java.vm.version" value="20.0.1+9-29"/>
    <property name="sun.io.unicode.encoding" value="UnicodeLittle"/>
    <property name="java.class.version" value="64.0"/>
  </properties>
  <testcase name="shouldAnswerWithTrue" classname="com.cyx.AppTest" time="0.002"/>
</testsuite>